INFO:root:
 NEW RUN STARTING: 2020.06.22 09:16
INFO:root:Accepted sys args on launch: txt_path: C:\Coding\Ebay\Working\Backups\Amazon exports\Collected exports\export 2020.06.17.txt
INFO:root:file exists, continuing to processing...
INFO:root:Filter date used in program: 2020-06-22 00:00:00. Passing to vba and logging strftime format: 2020-06-22
INFO:root:Orders passed today date filtering: 291/291
INFO:root:Returning 291/291 new/loaded orders for further processing
INFO:root:After checking with database, further processing: 291 new orders
INFO:root:XLSX report Amazon Orders Report 2020.06.22 09.16.xlsx successfully created.
INFO:root:New database backup amzn_accounting_b4lrun.db created on: 2020-06-22 09:16 location: C:\Coding\Ebay\Country based sorting\Amazon Accounting Report\Helper Files\amzn_accounting_b4lrun.db
INFO:root:Created backup amzn_accounting_b4lrun.db before adding orders
INFO:root:Current program_runs id: 1
INFO:root:291 new orders were successfully added to database at run: 1
INFO:root:Deleted old orders (cascade) from orders table where run_id = []
INFO:root:New database backup amzn_accounting_lrun.db created on: 2020-06-22 09:16 location: C:\Coding\Ebay\Country based sorting\Amazon Accounting Report\Helper Files\amzn_accounting_lrun.db
INFO:root:Created backup amzn_accounting_lrun.db after adding orders
INFO:root:Connection to DB in session with file export 2020.06.17.txt closed
INFO:root:Total of 291 new orders have been added to database, after exports were completed
INFO:root:
RUN ENDED: 2020.06.22 09:16

