INFO:root:
 NEW RUN STARTING: 2023.04.06 23:33
INFO:root:Accepted sys args on launch: source_fpath: C:\Coding\Ebay\Working\Backups\Amazon exports\AmazonEU 2023.04.06.txt; sales_channel: AmazonEU. Whole sys.argv: ['C:\\Coding\\Ebay\\Country based sorting\\Amazon Accounting Report\\Helper Files\\main_accounting.exe', 'C:\\Coding\\Ebay\\Working\\Backups\\Amazon exports\\AmazonEU 2023.04.06.txt', 'AmazonEU']
INFO:root:AmazonEU 2023.04.06.txt detected encoding: utf-8, delimiter <	>
INFO:root:Loaded AmazonEU 2023.04.06.txt has 2699 raw orders. Filtering out todays orders...
INFO:root:Filter date used in program: 2023-04-06 00:00:00. Passing to vba and logging strftime format: 2023-04-06
INFO:root:Orders passed today date filtering: 2691/2699
INFO:root:Removed 2 country-less orders
INFO:root:Country-less orders have been exported to txt C:\Coding\Ebay\Country based sorting\Amazon Accounting Report\export order-id.txt file, VBA alerted. Proceeding...
INFO:root:Database has been created at C:\Coding\Ebay\Country based sorting\Amazon Accounting Report\Helper Files\amzn_accounting.db
INFO:root:New database backup amzn_accounting_b4lrun.db created on: 2023-04-06 23:33 location: C:\Coding\Ebay\Country based sorting\Amazon Accounting Report\Helper Files\amzn_accounting_b4lrun.db
INFO:root:Returning 2689/2689 new/loaded orders for further processing
INFO:root:Loaded file contains: 2691 (b4 2023-04-06 date and countryless filters. Further processing: 2689 orders
INFO:root:Passing orders to create report with EUReport class
INFO:root:XLSX report AmazonEU Report 2023.04.06 23.33.xlsx successfully created.
INFO:root:Backup created at: C:\Coding\Ebay\Country based sorting\Amazon Accounting Report\Helper Files\src files\AmazonEU 23-04-06 23-33.txt
INFO:root:New database backup amzn_accounting_lrun.db created on: 2023-04-06 23:34 location: C:\Coding\Ebay\Country based sorting\Amazon Accounting Report\Helper Files\amzn_accounting_lrun.db
INFO:root:Total of 2689 new orders have been added to database, after exports were completed
INFO:root:
RUN ENDED: 2023.04.06 23:34

INFO:root:
 NEW RUN STARTING: 2023.04.06 23:35
INFO:root:Accepted sys args on launch: source_fpath: C:\Coding\Ebay\Working\Backups\Amazon warehouse csv\warehouse2.csv; sales_channel: Amazon Warehouse. Whole sys.argv: ['C:\\Coding\\Ebay\\Country based sorting\\Amazon Accounting Report\\Helper Files\\main_accounting.exe', 'C:\\Coding\\Ebay\\Working\\Backups\\Amazon warehouse csv\\warehouse2.csv', 'Amazon Warehouse']
INFO:root:warehouse2.csv detected encoding: UTF-8-SIG, delimiter <,>
INFO:root:Loaded warehouse2.csv has 132 raw orders. Filtering out todays orders...
INFO:root:Filter date used in program: 2023-04-06 00:00:00. Passing to vba and logging strftime format: 2023-04-06
INFO:root:Orders passed today date filtering: 132/132
INFO:root:New database backup amzn_accounting_b4lrun.db created on: 2023-04-06 23:35 location: C:\Coding\Ebay\Country based sorting\Amazon Accounting Report\Helper Files\amzn_accounting_b4lrun.db
INFO:root:Returning 132/132 new/loaded orders for further processing
INFO:root:Loaded file contains: 132 (b4 2023-04-06 date and countryless filters. Further processing: 132 orders
INFO:root:Passing orders to create report with EUReport class
INFO:root:XLSX report Amazon Warehouse Report 2023.04.06 23.35.xlsx successfully created.
INFO:root:Backup created at: C:\Coding\Ebay\Country based sorting\Amazon Accounting Report\Helper Files\src files\Amazon Warehouse 23-04-06 23-35.csv
INFO:root:New database backup amzn_accounting_lrun.db created on: 2023-04-06 23:35 location: C:\Coding\Ebay\Country based sorting\Amazon Accounting Report\Helper Files\amzn_accounting_lrun.db
INFO:root:Total of 132 new orders have been added to database, after exports were completed
INFO:root:
RUN ENDED: 2023.04.06 23:35

INFO:root:
 NEW RUN STARTING: 2023.04.06 23:36
INFO:root:Accepted sys args on launch: source_fpath: C:\Coding\Ebay\Working\Backups\Amazon exports\AmazonCOM 2022.11.02.txt; sales_channel: AmazonCOM. Whole sys.argv: ['C:\\Coding\\Ebay\\Country based sorting\\Amazon Accounting Report\\Helper Files\\main_accounting.exe', 'C:\\Coding\\Ebay\\Working\\Backups\\Amazon exports\\AmazonCOM 2022.11.02.txt', 'AmazonCOM']
INFO:root:AmazonCOM 2022.11.02.txt detected encoding: utf-8, delimiter <	>
INFO:root:Loaded AmazonCOM 2022.11.02.txt has 98 raw orders. Filtering out todays orders...
INFO:root:Filter date used in program: 2023-04-06 00:00:00. Passing to vba and logging strftime format: 2023-04-06
INFO:root:Orders passed today date filtering: 98/98
INFO:root:New database backup amzn_accounting_b4lrun.db created on: 2023-04-06 23:36 location: C:\Coding\Ebay\Country based sorting\Amazon Accounting Report\Helper Files\amzn_accounting_b4lrun.db
INFO:root:Returning 98/98 new/loaded orders for further processing
INFO:root:Loaded file contains: 98 (b4 2023-04-06 date and countryless filters. Further processing: 98 orders
INFO:root:Passing orders to create report with COMReport class
INFO:root:XLSX report AmazonCOM Report 2023.04.06 23.36.xlsx successfully created.
INFO:root:Backup created at: C:\Coding\Ebay\Country based sorting\Amazon Accounting Report\Helper Files\src files\AmazonCOM 23-04-06 23-36.txt
INFO:root:New database backup amzn_accounting_lrun.db created on: 2023-04-06 23:36 location: C:\Coding\Ebay\Country based sorting\Amazon Accounting Report\Helper Files\amzn_accounting_lrun.db
INFO:root:Total of 98 new orders have been added to database, after exports were completed
INFO:root:
RUN ENDED: 2023.04.06 23:36

